<?xml version="1.0" encoding="UTF-8"?>
<!-- Generated by org.testng.reporters.JUnitReportReporter -->
<testsuite skipped="0" hostname="E0446840" name="RestAssuredDemo.RestAssuredDemo.AppTest" tests="1" failures="0" timestamp="17 May 2020 15:58:32 GMT" time="0.004" errors="0">
  <testcase name="testApp" time="0.004" classname="RestAssuredDemo.RestAssuredDemo.AppTest"/>
</testsuite> <!-- RestAssuredDemo.RestAssuredDemo.AppTest -->
