<?xml version="1.0" encoding="UTF-8"?>
<!-- Generated by org.testng.reporters.JUnitReportReporter -->
<testsuite skipped="0" hostname="E0446840" name="RestAssuredDemo.RestAssuredDemo.UFLAPIs_Suite" tests="6" failures="0" timestamp="21 May 2020 13:04:33 GMT" time="24.289" errors="0">
  <testcase name="RegisteredNumbers" time="4.643" classname="RestAssuredDemo.RestAssuredDemo.UFLAPIs_Suite"/>
  <testcase name="SendOTAC" time="0.771" classname="RestAssuredDemo.RestAssuredDemo.UFLAPIs_Suite"/>
  <testcase name="GetAccounts" time="1.193" classname="RestAssuredDemo.RestAssuredDemo.UFLAPIs_Suite"/>
  <testcase name="GetSubscriptionsList" time="1.197" classname="RestAssuredDemo.RestAssuredDemo.UFLAPIs_Suite"/>
  <testcase name="UpfrontLogin" time="1.372" classname="RestAssuredDemo.RestAssuredDemo.UFLAPIs_Suite"/>
  <testcase name="ChangePin" time="15.113" classname="RestAssuredDemo.RestAssuredDemo.UFLAPIs_Suite"/>
</testsuite> <!-- RestAssuredDemo.RestAssuredDemo.UFLAPIs_Suite -->
