<?xml version="1.0" encoding="UTF-8"?>
<!-- Generated by org.testng.reporters.JUnitReportReporter -->
<testsuite skipped="0" hostname="E0446840" name="RestAssuredDemo.RestAssuredDemo.HanSolo" tests="1" failures="0" timestamp="21 May 2020 12:24:21 GMT" time="4.584" errors="0">
  <testcase name="HanSolo" time="4.584" classname="RestAssuredDemo.RestAssuredDemo.HanSolo"/>
</testsuite> <!-- RestAssuredDemo.RestAssuredDemo.HanSolo -->
