<?xml version="1.0" encoding="UTF-8"?>
<!-- Generated by org.testng.reporters.JUnitReportReporter -->
<testsuite skipped="0" hostname="E0446840" name="RestAssuredDemo.RestAssuredDemo.Basics" tests="1" failures="0" timestamp="07 Jun 2020 22:44:12 GMT" time="3.824" errors="0">
  <testcase name="test" time="3.824" classname="RestAssuredDemo.RestAssuredDemo.Basics"/>
</testsuite> <!-- RestAssuredDemo.RestAssuredDemo.Basics -->
