<?xml version="1.0" encoding="UTF-8"?>
<!-- Generated by org.testng.reporters.JUnitReportReporter -->
<testsuite skipped="0" hostname="E0446840" name="RestAssuredDemo.RestAssuredDemo.AppConfigApi" tests="1" failures="0" timestamp="17 May 2020 15:36:00 GMT" time="5.878" errors="0">
  <testcase name="ValidateAppConfigApiStatus" time="5.878" classname="RestAssuredDemo.RestAssuredDemo.AppConfigApi"/>
</testsuite> <!-- RestAssuredDemo.RestAssuredDemo.AppConfigApi -->
