<?xml version="1.0" encoding="UTF-8"?>
<!-- Generated by org.testng.reporters.JUnitReportReporter -->
<testsuite skipped="0" hostname="E0446840" name="RestAssuredDemo.RestAssuredDemo.Basics" tests="1" failures="0" timestamp="14 May 2020 11:54:52 GMT" time="6.787" errors="0">
  <testcase name="validateaApi" time="6.787" classname="RestAssuredDemo.RestAssuredDemo.Basics"/>
</testsuite> <!-- RestAssuredDemo.RestAssuredDemo.Basics -->
