<?xml version="1.0" encoding="UTF-8"?>
<!-- Generated by org.testng.reporters.JUnitReportReporter -->
<testsuite skipped="0" hostname="E0446840" name="RestAssuredDemo.RestAssuredDemo.MVA10APIs_Suite2" tests="5" failures="0" timestamp="18 Jun 2020 19:23:43 GMT" time="45.295" errors="0">
  <testcase name="SIT1_Environment_SUP02" time="0.715" classname="RestAssuredDemo.RestAssuredDemo.MVA10APIs_Suite2"/>
  <testcase name="INT1_Environment_SUP02" time="10.288" classname="RestAssuredDemo.RestAssuredDemo.MVA10APIs_Suite2"/>
  <testcase name="DEV_Environment_SUP02" time="14.214" classname="RestAssuredDemo.RestAssuredDemo.MVA10APIs_Suite2"/>
  <testcase name="SIT2_Environment_SUP02" time="10.432" classname="RestAssuredDemo.RestAssuredDemo.MVA10APIs_Suite2"/>
  <testcase name="QC1_Environment_SUP02" time="9.646" classname="RestAssuredDemo.RestAssuredDemo.MVA10APIs_Suite2"/>
</testsuite> <!-- RestAssuredDemo.RestAssuredDemo.MVA10APIs_Suite2 -->
