<?xml version="1.0" encoding="UTF-8"?>
<!-- Generated by org.testng.reporters.JUnitReportReporter -->
<testsuite skipped="0" hostname="E0446840" name="RestAssuredDemo.RestAssuredDemo.MVA10APIs_Suite2" tests="6" failures="0" timestamp="22 Jun 2020 15:24:00 GMT" time="10.665" errors="0">
  <testcase name="SIT1_Environment_SUP02" time="0.758" classname="RestAssuredDemo.RestAssuredDemo.MVA10APIs_Suite2"/>
  <testcase name="DEV_Environment_SUP02" time="3.398" classname="RestAssuredDemo.RestAssuredDemo.MVA10APIs_Suite2"/>
  <testcase name="INT1_Environment_SUP02" time="1.553" classname="RestAssuredDemo.RestAssuredDemo.MVA10APIs_Suite2"/>
  <testcase name="QC1_Environment_E7" time="1.374" classname="RestAssuredDemo.RestAssuredDemo.MVA10APIs_Suite2"/>
  <testcase name="QC1_Environment_SUP02" time="2.199" classname="RestAssuredDemo.RestAssuredDemo.MVA10APIs_Suite2"/>
  <testcase name="SIT2_Environment_SUP02" time="1.383" classname="RestAssuredDemo.RestAssuredDemo.MVA10APIs_Suite2"/>
</testsuite> <!-- RestAssuredDemo.RestAssuredDemo.MVA10APIs_Suite2 -->
