<?xml version="1.0" encoding="UTF-8"?>
<!-- Generated by org.testng.reporters.JUnitReportReporter -->
<testsuite skipped="0" hostname="E0446840" name="RestAssuredDemo.RestAssuredDemo.SoftToken" tests="1" failures="0" timestamp="21 May 2020 12:24:21 GMT" time="5.111" errors="0">
  <testcase name="SoftToken" time="5.111" classname="RestAssuredDemo.RestAssuredDemo.SoftToken"/>
</testsuite> <!-- RestAssuredDemo.RestAssuredDemo.SoftToken -->
