<?xml version="1.0" encoding="UTF-8"?>
<!-- Generated by org.testng.reporters.JUnitReportReporter -->
<testsuite skipped="0" hostname="E0446840" name="RestAssuredDemo.RestAssuredDemo.SoftTokenApi" tests="1" failures="0" timestamp="20 May 2020 17:42:52 GMT" time="5.088" errors="0">
  <testcase name="SoftToken" time="5.088" classname="RestAssuredDemo.RestAssuredDemo.SoftTokenApi"/>
</testsuite> <!-- RestAssuredDemo.RestAssuredDemo.SoftTokenApi -->
