<?xml version="1.0" encoding="UTF-8"?>
<!-- Generated by org.testng.reporters.JUnitReportReporter -->
<testsuite skipped="0" hostname="E0446840" name="RestAssuredDemo.RestAssuredDemo.EnvAvailability" tests="2" failures="0" timestamp="18 Jun 2020 14:46:30 GMT" time="1.138" errors="0">
  <testcase name="HanSolo" time="0.556" classname="RestAssuredDemo.RestAssuredDemo.EnvAvailability"/>
  <testcase name="SoftToken" time="0.582" classname="RestAssuredDemo.RestAssuredDemo.EnvAvailability"/>
</testsuite> <!-- RestAssuredDemo.RestAssuredDemo.EnvAvailability -->
