<?xml version="1.0" encoding="UTF-8"?>
<!-- Generated by org.testng.reporters.JUnitReportReporter -->
<testsuite skipped="0" hostname="E0446840" name="RestAssuredDemo.RestAssuredDemo.MVA10APIs_Suite" tests="1" failures="0" timestamp="17 Jun 2020 11:06:04 GMT" time="4.297" errors="0">
  <testcase name="AppConfig" time="4.297" classname="RestAssuredDemo.RestAssuredDemo.MVA10APIs_Suite"/>
</testsuite> <!-- RestAssuredDemo.RestAssuredDemo.MVA10APIs_Suite -->
