<?xml version="1.0" encoding="UTF-8"?>
<!-- Generated by org.testng.reporters.JUnitReportReporter -->
<testsuite skipped="0" hostname="E0446840" name="RestAssuredDemo.RestAssuredDemo.UFL" tests="5" failures="0" timestamp="20 May 2020 16:15:24 GMT" time="5.977" errors="0">
  <testcase name="RegisteredNumbers" time="1.695" classname="RestAssuredDemo.RestAssuredDemo.UFL"/>
  <testcase name="SendOTAC" time="0.731" classname="RestAssuredDemo.RestAssuredDemo.UFL"/>
  <testcase name="GetAccounts" time="1.164" classname="RestAssuredDemo.RestAssuredDemo.UFL"/>
  <testcase name="GetSubscriptionsList" time="1.150" classname="RestAssuredDemo.RestAssuredDemo.UFL"/>
  <testcase name="UpfrontLogin" time="1.237" classname="RestAssuredDemo.RestAssuredDemo.UFL"/>
</testsuite> <!-- RestAssuredDemo.RestAssuredDemo.UFL -->
