<?xml version="1.0" encoding="UTF-8"?>
<!-- Generated by org.testng.reporters.JUnitReportReporter -->
<testsuite skipped="0" hostname="E0446840" name="RestAssuredDemo.RestAssuredDemo.AppConfigApi" tests="1" failures="0" timestamp="20 May 2020 17:42:52 GMT" time="3.044" errors="0">
  <testcase name="AppConfig" time="3.044" classname="RestAssuredDemo.RestAssuredDemo.AppConfigApi"/>
</testsuite> <!-- RestAssuredDemo.RestAssuredDemo.AppConfigApi -->
