<?xml version="1.0" encoding="UTF-8"?>
<!-- Generated by org.testng.reporters.JUnitReportReporter -->
<testsuite skipped="0" hostname="E0446840" name="RestAssuredDemo.RestAssuredDemo.AppConfig" tests="1" failures="0" timestamp="08 Jun 2020 15:53:23 GMT" time="5.578" errors="0">
  <testcase name="AppConfig" time="5.578" classname="RestAssuredDemo.RestAssuredDemo.AppConfig"/>
</testsuite> <!-- RestAssuredDemo.RestAssuredDemo.AppConfig -->
